<?xml version="1.0" encoding="UTF-8"?>
<!-- Generated by org.testng.reporters.JUnitReportReporter -->
<testsuite skipped="0" hostname="WBLL0117E4292" name="com.com.org.InvocationcountTest" tests="10" failures="0" timestamp="12 Nov 2018 10:11:52 GMT" time="0.119" errors="0">
  <testcase name="sum" time="0.001" classname="com.com.org.InvocationcountTest"/>
  <testcase name="sum" time="0.040" classname="com.com.org.InvocationcountTest"/>
  <testcase name="sum" time="0.001" classname="com.com.org.InvocationcountTest"/>
  <testcase name="sum" time="0.002" classname="com.com.org.InvocationcountTest"/>
  <testcase name="sum" time="0.004" classname="com.com.org.InvocationcountTest"/>
  <testcase name="sum" time="0.004" classname="com.com.org.InvocationcountTest"/>
  <testcase name="sum" time="0.026" classname="com.com.org.InvocationcountTest"/>
  <testcase name="sum" time="0.022" classname="com.com.org.InvocationcountTest"/>
  <testcase name="sum" time="0.002" classname="com.com.org.InvocationcountTest"/>
  <testcase name="sum" time="0.017" classname="com.com.org.InvocationcountTest"/>
</testsuite> <!-- com.com.org.InvocationcountTest -->
