<?xml version="1.0" encoding="UTF-8"?>
<!-- Generated by org.testng.reporters.JUnitReportReporter -->
<testsuite skipped="0" hostname="WBLL0117E4292" name="com.com.org.TestngBasics" tests="2" failures="0" timestamp="28 Nov 2018 06:24:07 GMT" time="4.815" errors="0">
  <testcase name="googleLogoTest" time="4.685" classname="com.com.org.TestngBasics"/>
  <testcase name="Searchtext" time="0.130" classname="com.com.org.TestngBasics"/>
</testsuite> <!-- com.com.org.TestngBasics -->
