<?xml version="1.0" encoding="UTF-8"?>
<!-- Generated by org.testng.reporters.JUnitReportReporter -->
<testsuite skipped="0" hostname="WBLL0117E4292" name="com.com.org.TestNgfeatures" tests="1" failures="0" timestamp="28 Nov 2018 06:24:07 GMT" time="0.018" errors="0">
  <testcase name="login" time="0.018" classname="com.com.org.TestNgfeatures"/>
</testsuite> <!-- com.com.org.TestNgfeatures -->
