<?xml version="1.0" encoding="UTF-8"?>
<!-- Generated by org.testng.reporters.JUnitReportReporter -->
<testsuite skipped="0" hostname="WBLL0117E4292" name="com.com.org.InvocationcountTest" tests="10" failures="0" timestamp="28 Nov 2018 06:24:07 GMT" time="12.392" errors="0">
  <testcase name="sum" time="0.000" classname="com.com.org.InvocationcountTest"/>
  <testcase name="sum" time="0.000" classname="com.com.org.InvocationcountTest"/>
  <testcase name="sum" time="11.054" classname="com.com.org.InvocationcountTest"/>
  <testcase name="sum" time="0.010" classname="com.com.org.InvocationcountTest"/>
  <testcase name="sum" time="0.020" classname="com.com.org.InvocationcountTest"/>
  <testcase name="sum" time="0.040" classname="com.com.org.InvocationcountTest"/>
  <testcase name="sum" time="1.170" classname="com.com.org.InvocationcountTest"/>
  <testcase name="sum" time="0.078" classname="com.com.org.InvocationcountTest"/>
  <testcase name="sum" time="0.000" classname="com.com.org.InvocationcountTest"/>
  <testcase name="sum" time="0.020" classname="com.com.org.InvocationcountTest"/>
</testsuite> <!-- com.com.org.InvocationcountTest -->
