<?xml version="1.0" encoding="UTF-8"?>
<!-- Generated by org.testng.reporters.JUnitReportReporter -->
<testsuite skipped="0" hostname="WBLL0117E4292" name="captureScreenShot.sample" tests="1" failures="0" timestamp="11 Nov 2018 06:00:49 GMT" time="151.787" errors="0">
  <testcase name="captureShreenShot" time="151.787" classname="captureScreenShot.sample"/>
</testsuite> <!-- captureScreenShot.sample -->
