<?xml version="1.0" encoding="UTF-8"?>
<!-- Generated by org.testng.reporters.JUnitReportReporter -->
<testsuite skipped="0" hostname="WBLL0117E4292" name="com.com.org.TestngBasics" tests="2" failures="0" timestamp="12 Nov 2018 10:11:52 GMT" time="0.075" errors="0">
  <testcase name="googleLogoTest" time="0.029" classname="com.com.org.TestngBasics"/>
  <testcase name="Searchtext" time="0.046" classname="com.com.org.TestngBasics"/>
</testsuite> <!-- com.com.org.TestngBasics -->
