<?xml version="1.0" encoding="UTF-8"?>
<!-- Generated by org.testng.reporters.JUnitReportReporter -->
<testsuite skipped="0" hostname="WBLL0117E4292" name="captureScreenShot.facebookApp" tests="1" failures="0" timestamp="10 Nov 2018 19:55:38 GMT" time="25.011" errors="0">
  <testcase name="captureShreenShot" time="25.011" classname="captureScreenShot.facebookApp"/>
</testsuite> <!-- captureScreenShot.facebookApp -->
